\BOOKMARK [0][-]{chapter*.1}{TABLE OF CONTENTS}{}% 1
\BOOKMARK [0][-]{chapter.1}{EXPERIMENTAL PROCEDURE}{}% 2
\BOOKMARK [1][-]{section.1.1}{Master Alloy}{chapter.1}% 3
\BOOKMARK [2][-]{subsection.1.1.1}{Base Elements}{section.1.1}% 4
\BOOKMARK [2][-]{subsection.1.1.2}{Induction Furnace Melting}{section.1.1}% 5
\BOOKMARK [3][-]{subsubsection.1.1.2.1}{Induction Furnace Equipment}{subsection.1.1.2}% 6
\BOOKMARK [3][-]{subsubsection.1.1.2.2}{Crucibles}{subsection.1.1.2}% 7
\BOOKMARK [3][-]{subsubsection.1.1.2.3}{Melt Cycle}{subsection.1.1.2}% 8
\BOOKMARK [3][-]{subsubsection.1.1.2.4}{Gravity Casting}{subsection.1.1.2}% 9
\BOOKMARK [3][-]{subsubsection.1.1.2.5}{Injection Casting}{subsection.1.1.2}% 10
\BOOKMARK [1][-]{section.1.2}{Semi-Crystalline Target Manufacture}{chapter.1}% 11
\BOOKMARK [2][-]{subsection.1.2.1}{Induction Furnace Melting}{section.1.2}% 12
\BOOKMARK [2][-]{subsection.1.2.2}{Final Shaping}{section.1.2}% 13
\BOOKMARK [3][-]{subsubsection.1.2.2.1}{Riser Removal}{subsection.1.2.2}% 14
\BOOKMARK [3][-]{subsubsection.1.2.2.2}{Target Extraction}{subsection.1.2.2}% 15
\BOOKMARK [3][-]{subsubsection.1.2.2.3}{Target Rounding}{subsection.1.2.2}% 16
\BOOKMARK [3][-]{subsubsection.1.2.2.4}{Target Polishing}{subsection.1.2.2}% 17
\BOOKMARK [1][-]{section.1.3}{Crystalline Target Manufacture}{chapter.1}% 18
\BOOKMARK [2][-]{subsection.1.3.1}{Induction Furnace Melting}{section.1.3}% 19
\BOOKMARK [3][-]{subsubsection.1.3.1.1}{Melt Cycle}{subsection.1.3.1}% 20
\BOOKMARK [3][-]{subsubsection.1.3.1.2}{Gravity Casting}{subsection.1.3.1}% 21
\BOOKMARK [3][-]{subsubsection.1.3.1.3}{Sectioning of Targets}{subsection.1.3.1}% 22
\BOOKMARK [3][-]{subsubsection.1.3.1.4}{Target Rounding}{subsection.1.3.1}% 23
\BOOKMARK [3][-]{subsubsection.1.3.1.5}{Target Polishing}{subsection.1.3.1}% 24
\BOOKMARK [1][-]{section.1.4}{DC Magnetron Sputtering}{chapter.1}% 25
\BOOKMARK [2][-]{subsection.1.4.1}{DC Magnetron Sputtering Equipment}{section.1.4}% 26
\BOOKMARK [2][-]{subsection.1.4.2}{Deposition of Thin Films}{section.1.4}% 27
\BOOKMARK [2][-]{subsection.1.4.3}{Target Lifespan}{section.1.4}% 28
\BOOKMARK [1][-]{section.1.5}{Examined Substrates}{chapter.1}% 29
\BOOKMARK [2][-]{subsection.1.5.1}{Silicon Wafer Substrate}{section.1.5}% 30
\BOOKMARK [1][-]{section.1.6}{Thin Film Characterisation}{chapter.1}% 31
\BOOKMARK [2][-]{subsection.1.6.1}{Physical and Chemical Properties}{section.1.6}% 32
\BOOKMARK [2][-]{subsection.1.6.2}{Quality of Deposition}{section.1.6}% 33
\BOOKMARK [2][-]{subsection.1.6.3}{Stylus profiler analysis}{section.1.6}% 34
\BOOKMARK [2][-]{subsection.1.6.4}{EDS analysis}{section.1.6}% 35
\BOOKMARK [2][-]{subsection.1.6.5}{DSC characterization}{section.1.6}% 36
\BOOKMARK [2][-]{subsection.1.6.6}{XRD characterization}{section.1.6}% 37
